d:\кодинг\kurs_zoo\dll\x64\debug\dll.pch
d:\кодинг\kurs_zoo\dll\x64\debug\vc143.pdb
d:\кодинг\kurs_zoo\dll\x64\debug\vc143.idb
d:\кодинг\kurs_zoo\dll\x64\debug\pch.obj
d:\кодинг\kurs_zoo\dll\x64\debug\triton.obj
d:\кодинг\kurs_zoo\dll\x64\debug\rhinoceros.obj
d:\кодинг\kurs_zoo\dll\x64\debug\python.obj
d:\кодинг\kurs_zoo\dll\x64\debug\penguin.obj
d:\кодинг\kurs_zoo\dll\x64\debug\moray.obj
d:\кодинг\kurs_zoo\dll\x64\debug\elephant.obj
d:\кодинг\kurs_zoo\dll\x64\debug\dllmain.obj
d:\кодинг\kurs_zoo\dll\x64\debug\dll.obj
d:\кодинг\kurs_zoo\dll\x64\debug\db.obj
d:\кодинг\kurs_zoo\dll\x64\debug\animals.obj
d:\кодинг\kurs_zoo\dll\x64\debug\alcyone.obj
d:\кодинг\kurs_zoo\bin\dll.dll
d:\кодинг\kurs_zoo\bin\dll.pdb
d:\кодинг\kurs_zoo\bin\dll.lib
d:\кодинг\kurs_zoo\bin\dll.exp
d:\кодинг\kurs_zoo\dll\x64\debug\dll.ilk
d:\кодинг\kurs_zoo\dll\x64\debug\dll.tlog\cl.command.1.tlog
d:\кодинг\kurs_zoo\dll\x64\debug\dll.tlog\cl.items.tlog
d:\кодинг\kurs_zoo\dll\x64\debug\dll.tlog\cl.read.1.tlog
d:\кодинг\kurs_zoo\dll\x64\debug\dll.tlog\cl.write.1.tlog
d:\кодинг\kurs_zoo\dll\x64\debug\dll.tlog\link.command.1.tlog
d:\кодинг\kurs_zoo\dll\x64\debug\dll.tlog\link.read.1.tlog
d:\кодинг\kurs_zoo\dll\x64\debug\dll.tlog\link.secondary.1.tlog
d:\кодинг\kurs_zoo\dll\x64\debug\dll.tlog\link.write.1.tlog
