d:\кодинг\kurs_zoo\kurs_zoo\x64\debug\vc143.pdb
d:\кодинг\kurs_zoo\kurs_zoo\x64\debug\.netframework,version=v4.7.2.assemblyattributes.obj
d:\кодинг\kurs_zoo\kurs_zoo\x64\debug\soloex.obj
d:\кодинг\kurs_zoo\kurs_zoo\x64\debug\memleacksform.obj
d:\кодинг\kurs_zoo\kurs_zoo\x64\debug\maininfo.obj
d:\кодинг\kurs_zoo\kurs_zoo\x64\debug\mainform.obj
d:\кодинг\kurs_zoo\kurs_zoo\x64\debug\daysform.obj
d:\кодинг\kurs_zoo\kurs_zoo\x64\debug\comformch.obj
d:\кодинг\kurs_zoo\kurs_zoo\x64\debug\comex.obj
d:\кодинг\kurs_zoo\bin\kurs_zoo.exe
d:\кодинг\kurs_zoo\bin\kurs_zoo.pdb
d:\кодинг\kurs_zoo\bin\kurs_zoo.lib
d:\кодинг\kurs_zoo\bin\kurs_zoo.exp
d:\кодинг\kurs_zoo\kurs_zoo\x64\debug\kurs_zoo.tlog\cl.command.1.tlog
d:\кодинг\kurs_zoo\kurs_zoo\x64\debug\kurs_zoo.tlog\cl.items.tlog
d:\кодинг\kurs_zoo\kurs_zoo\x64\debug\kurs_zoo.tlog\cl.read.1.tlog
d:\кодинг\kurs_zoo\kurs_zoo\x64\debug\kurs_zoo.tlog\cl.write.1.tlog
d:\кодинг\kurs_zoo\kurs_zoo\x64\debug\kurs_zoo.tlog\link.command.1.tlog
d:\кодинг\kurs_zoo\kurs_zoo\x64\debug\kurs_zoo.tlog\link.read.1.tlog
d:\кодинг\kurs_zoo\kurs_zoo\x64\debug\kurs_zoo.tlog\link.secondary.1.tlog
d:\кодинг\kurs_zoo\kurs_zoo\x64\debug\kurs_zoo.tlog\link.write.1.tlog
d:\кодинг\kurs_zoo\kurs_zoo\x64\debug\kurs_zoo.tlog\metagen.read.1.tlog
d:\кодинг\kurs_zoo\kurs_zoo\x64\debug\kurs_zoo.tlog\metagen.write.1.tlog
d:\кодинг\kurs_zoo\kurs_zoo\x64\debug\kurs_zoo.tlog\resgen.command.1.tlog
d:\кодинг\kurs_zoo\kurs_zoo\x64\debug\kurs_zoo.tlog\resgen.read.1.tlog
d:\кодинг\kurs_zoo\kurs_zoo\x64\debug\kurs_zoo.tlog\resgen.write.1.tlog
